{"/Users/iura/Repos/tracksy/chrome-ext/basics/connections.js": {"path":"/Users/iura/Repos/tracksy/chrome-ext/basics/connections.js","statementMap":{"0":{"start":{"line":1,"column":0},"end":{"line":1,"column":41}},"1":{"start":{"line":3,"column":0},"end":{"line":7,"column":1}},"2":{"start":{"line":4,"column":4},"end":{"line":4,"column":62}},"3":{"start":{"line":6,"column":4},"end":{"line":6,"column":38}},"4":{"start":{"line":10,"column":4},"end":{"line":10,"column":56}},"5":{"start":{"line":22,"column":8},"end":{"line":22,"column":76}},"6":{"start":{"line":23,"column":27},"end":{"line":23,"column":69}},"7":{"start":{"line":25,"column":29},"end":{"line":25,"column":58}},"8":{"start":{"line":27,"column":4},"end":{"line":40,"column":5}},"9":{"start":{"line":28,"column":8},"end":{"line":28,"column":18}},"10":{"start":{"line":30,"column":8},"end":{"line":30,"column":55}},"11":{"start":{"line":31,"column":8},"end":{"line":39,"column":16}},"12":{"start":{"line":32,"column":12},"end":{"line":32,"column":38}},"13":{"start":{"line":33,"column":12},"end":{"line":33,"column":63}},"14":{"start":{"line":34,"column":12},"end":{"line":38,"column":13}},"15":{"start":{"line":35,"column":16},"end":{"line":35,"column":44}},"16":{"start":{"line":37,"column":16},"end":{"line":37,"column":26}},"17":{"start":{"line":49,"column":18},"end":{"line":49,"column":32}},"18":{"start":{"line":50,"column":28},"end":{"line":50,"column":50}},"19":{"start":{"line":51,"column":24},"end":{"line":51,"column":26}},"20":{"start":{"line":52,"column":4},"end":{"line":56,"column":6}},"21":{"start":{"line":53,"column":28},"end":{"line":53,"column":64}},"22":{"start":{"line":54,"column":12},"end":{"line":54,"column":40}},"23":{"start":{"line":58,"column":4},"end":{"line":58,"column":46}},"24":{"start":{"line":64,"column":4},"end":{"line":64,"column":115}},"25":{"start":{"line":69,"column":4},"end":{"line":69,"column":73}},"26":{"start":{"line":77,"column":17},"end":{"line":77,"column":29}},"27":{"start":{"line":79,"column":25},"end":{"line":79,"column":52}},"28":{"start":{"line":80,"column":31},"end":{"line":80,"column":64}},"29":{"start":{"line":81,"column":17},"end":{"line":81,"column":71}},"30":{"start":{"line":82,"column":23},"end":{"line":82,"column":83}},"31":{"start":{"line":84,"column":4},"end":{"line":89,"column":5}}},"fnMap":{"0":{"name":"connectionRetrieval","decl":{"start":{"line":9,"column":9},"end":{"line":9,"column":28}},"loc":{"start":{"line":9,"column":59},"end":{"line":11,"column":1}},"line":9},"1":{"name":"viewAllConnections","decl":{"start":{"line":13,"column":9},"end":{"line":13,"column":27}},"loc":{"start":{"line":13,"column":38},"end":{"line":41,"column":1}},"line":13},"2":{"name":"(anonymous_2)","decl":{"start":{"line":31,"column":19},"end":{"line":31,"column":20}},"loc":{"start":{"line":31,"column":31},"end":{"line":39,"column":9}},"line":31},"3":{"name":"sendConnectionsDataToBackground","decl":{"start":{"line":44,"column":9},"end":{"line":44,"column":40}},"loc":{"start":{"line":44,"column":43},"end":{"line":59,"column":1}},"line":44},"4":{"name":"(anonymous_4)","decl":{"start":{"line":52,"column":28},"end":{"line":52,"column":29}},"loc":{"start":{"line":52,"column":50},"end":{"line":55,"column":9}},"line":52},"5":{"name":"getConnectionsOnPage","decl":{"start":{"line":61,"column":9},"end":{"line":61,"column":29}},"loc":{"start":{"line":61,"column":31},"end":{"line":65,"column":1}},"line":61},"6":{"name":"getOwnerName","decl":{"start":{"line":67,"column":9},"end":{"line":67,"column":21}},"loc":{"start":{"line":67,"column":23},"end":{"line":70,"column":1}},"line":67},"7":{"name":"stripProfileInfo","decl":{"start":{"line":72,"column":9},"end":{"line":72,"column":25}},"loc":{"start":{"line":72,"column":42},"end":{"line":90,"column":1}},"line":72}},"branchMap":{"0":{"loc":{"start":{"line":3,"column":0},"end":{"line":7,"column":1}},"type":"if","locations":[{"start":{"line":3,"column":0},"end":{"line":7,"column":1}},{"start":{"line":3,"column":0},"end":{"line":7,"column":1}}],"line":3},"1":{"loc":{"start":{"line":27,"column":4},"end":{"line":40,"column":5}},"type":"if","locations":[{"start":{"line":27,"column":4},"end":{"line":40,"column":5}},{"start":{"line":27,"column":4},"end":{"line":40,"column":5}}],"line":27},"2":{"loc":{"start":{"line":34,"column":12},"end":{"line":38,"column":13}},"type":"if","locations":[{"start":{"line":34,"column":12},"end":{"line":38,"column":13}},{"start":{"line":34,"column":12},"end":{"line":38,"column":13}}],"line":34}},"s":{"0":1,"1":1,"2":0,"3":1,"4":0,"5":0,"6":0,"7":0,"8":0,"9":0,"10":0,"11":0,"12":0,"13":0,"14":0,"15":0,"16":0,"17":0,"18":0,"19":0,"20":0,"21":0,"22":0,"23":0,"24":0,"25":0,"26":1,"27":1,"28":1,"29":1,"30":1,"31":1},"f":{"0":0,"1":0,"2":0,"3":0,"4":0,"5":0,"6":0,"7":1},"b":{"0":[0,1],"1":[0,0],"2":[0,0]},"_coverageSchema":"43e27e138ebf9cfc5966b082cf9a028302ed4184","hash":"1f28ee7596a0981ae566e4c88516ef4673c987a5"}
,"/Users/iura/Repos/tracksy/src/App.js": {"path":"/Users/iura/Repos/tracksy/src/App.js","statementMap":{"0":{"start":{"line":19,"column":12},"end":{"line":47,"column":1}},"1":{"start":{"line":20,"column":2},"end":{"line":23,"column":5}},"2":{"start":{"line":22,"column":4},"end":{"line":22,"column":17}},"3":{"start":{"line":25,"column":2},"end":{"line":46,"column":4}}},"fnMap":{"0":{"name":"(anonymous_0)","decl":{"start":{"line":19,"column":12},"end":{"line":19,"column":13}},"loc":{"start":{"line":19,"column":18},"end":{"line":47,"column":1}},"line":19},"1":{"name":"(anonymous_1)","decl":{"start":{"line":20,"column":12},"end":{"line":20,"column":13}},"loc":{"start":{"line":20,"column":18},"end":{"line":23,"column":3}},"line":20}},"branchMap":{},"s":{"0":1,"1":1,"2":0,"3":1},"f":{"0":1,"1":0},"b":{},"_coverageSchema":"43e27e138ebf9cfc5966b082cf9a028302ed4184","hash":"8bd4c4a31266b2ccfcce6b91b332625b44aa78b6"}
,"/Users/iura/Repos/tracksy/src/store.js": {"path":"/Users/iura/Repos/tracksy/src/store.js","statementMap":{"0":{"start":{"line":6,"column":21},"end":{"line":6,"column":23}},"1":{"start":{"line":8,"column":19},"end":{"line":8,"column":26}},"2":{"start":{"line":10,"column":14},"end":{"line":14,"column":1}}},"fnMap":{},"branchMap":{},"s":{"0":1,"1":1,"2":1},"f":{},"b":{},"_coverageSchema":"43e27e138ebf9cfc5966b082cf9a028302ed4184","hash":"956a42a4d91e8ef9fc27c5e3e9311e1c5788382f"}
,"/Users/iura/Repos/tracksy/src/actions/startupsActions.js": {"path":"/Users/iura/Repos/tracksy/src/actions/startupsActions.js","statementMap":{"0":{"start":{"line":15,"column":27},"end":{"line":32,"column":1}},"1":{"start":{"line":15,"column":33},"end":{"line":32,"column":1}},"2":{"start":{"line":16,"column":2},"end":{"line":31,"column":3}},"3":{"start":{"line":17,"column":4},"end":{"line":17,"column":17}},"4":{"start":{"line":19,"column":16},"end":{"line":19,"column":40}},"5":{"start":{"line":20,"column":17},"end":{"line":20,"column":33}},"6":{"start":{"line":22,"column":4},"end":{"line":25,"column":7}},"7":{"start":{"line":27,"column":4},"end":{"line":30,"column":7}},"8":{"start":{"line":35,"column":26},"end":{"line":56,"column":1}},"9":{"start":{"line":35,"column":37},"end":{"line":56,"column":1}},"10":{"start":{"line":36,"column":2},"end":{"line":55,"column":3}},"11":{"start":{"line":37,"column":4},"end":{"line":37,"column":17}},"12":{"start":{"line":39,"column":16},"end":{"line":43,"column":6}},"13":{"start":{"line":44,"column":17},"end":{"line":44,"column":33}},"14":{"start":{"line":46,"column":4},"end":{"line":49,"column":7}},"15":{"start":{"line":51,"column":4},"end":{"line":54,"column":7}},"16":{"start":{"line":59,"column":29},"end":{"line":81,"column":1}},"17":{"start":{"line":59,"column":40},"end":{"line":81,"column":1}},"18":{"start":{"line":60,"column":2},"end":{"line":80,"column":3}},"19":{"start":{"line":61,"column":4},"end":{"line":61,"column":17}},"20":{"start":{"line":63,"column":16},"end":{"line":67,"column":6}},"21":{"start":{"line":69,"column":17},"end":{"line":69,"column":33}},"22":{"start":{"line":70,"column":4},"end":{"line":70,"column":22}},"23":{"start":{"line":71,"column":4},"end":{"line":74,"column":7}},"24":{"start":{"line":76,"column":4},"end":{"line":79,"column":7}},"25":{"start":{"line":84,"column":29},"end":{"line":102,"column":1}},"26":{"start":{"line":84,"column":35},"end":{"line":102,"column":1}},"27":{"start":{"line":85,"column":2},"end":{"line":101,"column":3}},"28":{"start":{"line":86,"column":4},"end":{"line":86,"column":17}},"29":{"start":{"line":88,"column":4},"end":{"line":90,"column":7}},"30":{"start":{"line":92,"column":4},"end":{"line":95,"column":7}},"31":{"start":{"line":97,"column":4},"end":{"line":100,"column":7}},"32":{"start":{"line":105,"column":26},"end":{"line":110,"column":1}},"33":{"start":{"line":106,"column":2},"end":{"line":109,"column":4}},"34":{"start":{"line":113,"column":28},"end":{"line":117,"column":1}},"35":{"start":{"line":114,"column":2},"end":{"line":116,"column":4}},"36":{"start":{"line":120,"column":26},"end":{"line":124,"column":1}},"37":{"start":{"line":121,"column":2},"end":{"line":123,"column":4}}},"fnMap":{"0":{"name":"(anonymous_0)","decl":{"start":{"line":15,"column":27},"end":{"line":15,"column":28}},"loc":{"start":{"line":15,"column":33},"end":{"line":32,"column":1}},"line":15},"1":{"name":"(anonymous_1)","decl":{"start":{"line":15,"column":33},"end":{"line":15,"column":34}},"loc":{"start":{"line":15,"column":51},"end":{"line":32,"column":1}},"line":15},"2":{"name":"(anonymous_2)","decl":{"start":{"line":35,"column":26},"end":{"line":35,"column":27}},"loc":{"start":{"line":35,"column":37},"end":{"line":56,"column":1}},"line":35},"3":{"name":"(anonymous_3)","decl":{"start":{"line":35,"column":37},"end":{"line":35,"column":38}},"loc":{"start":{"line":35,"column":55},"end":{"line":56,"column":1}},"line":35},"4":{"name":"(anonymous_4)","decl":{"start":{"line":59,"column":29},"end":{"line":59,"column":30}},"loc":{"start":{"line":59,"column":40},"end":{"line":81,"column":1}},"line":59},"5":{"name":"(anonymous_5)","decl":{"start":{"line":59,"column":40},"end":{"line":59,"column":41}},"loc":{"start":{"line":59,"column":58},"end":{"line":81,"column":1}},"line":59},"6":{"name":"(anonymous_6)","decl":{"start":{"line":84,"column":29},"end":{"line":84,"column":30}},"loc":{"start":{"line":84,"column":35},"end":{"line":102,"column":1}},"line":84},"7":{"name":"(anonymous_7)","decl":{"start":{"line":84,"column":35},"end":{"line":84,"column":36}},"loc":{"start":{"line":84,"column":53},"end":{"line":102,"column":1}},"line":84},"8":{"name":"(anonymous_8)","decl":{"start":{"line":105,"column":26},"end":{"line":105,"column":27}},"loc":{"start":{"line":105,"column":37},"end":{"line":110,"column":1}},"line":105},"9":{"name":"(anonymous_9)","decl":{"start":{"line":113,"column":28},"end":{"line":113,"column":29}},"loc":{"start":{"line":113,"column":34},"end":{"line":117,"column":1}},"line":113},"10":{"name":"(anonymous_10)","decl":{"start":{"line":120,"column":26},"end":{"line":120,"column":27}},"loc":{"start":{"line":120,"column":32},"end":{"line":124,"column":1}},"line":120}},"branchMap":{},"s":{"0":2,"1":0,"2":0,"3":0,"4":0,"5":0,"6":0,"7":0,"8":2,"9":0,"10":0,"11":0,"12":0,"13":0,"14":0,"15":0,"16":2,"17":0,"18":0,"19":0,"20":0,"21":0,"22":0,"23":0,"24":0,"25":2,"26":0,"27":0,"28":0,"29":0,"30":0,"31":0,"32":2,"33":0,"34":2,"35":0,"36":2,"37":0},"f":{"0":0,"1":0,"2":0,"3":0,"4":0,"5":0,"6":0,"7":0,"8":0,"9":0,"10":0},"b":{},"_coverageSchema":"43e27e138ebf9cfc5966b082cf9a028302ed4184","hash":"11f429deb2764f86c2efffbb01903435a26b9de0"}
,"/Users/iura/Repos/tracksy/src/actions/types.js": {"path":"/Users/iura/Repos/tracksy/src/actions/types.js","statementMap":{"0":{"start":{"line":1,"column":28},"end":{"line":1,"column":42}},"1":{"start":{"line":2,"column":27},"end":{"line":2,"column":40}},"2":{"start":{"line":3,"column":27},"end":{"line":3,"column":40}},"3":{"start":{"line":4,"column":30},"end":{"line":4,"column":46}},"4":{"start":{"line":5,"column":30},"end":{"line":5,"column":46}},"5":{"start":{"line":6,"column":30},"end":{"line":6,"column":46}},"6":{"start":{"line":7,"column":27},"end":{"line":7,"column":40}},"7":{"start":{"line":8,"column":29},"end":{"line":8,"column":44}}},"fnMap":{},"branchMap":{},"s":{"0":3,"1":3,"2":3,"3":3,"4":3,"5":3,"6":3,"7":3},"f":{},"b":{},"_coverageSchema":"43e27e138ebf9cfc5966b082cf9a028302ed4184","hash":"a8d093b439c82a6b1667a70e87c67f5fa5270b5c"}
,"/Users/iura/Repos/tracksy/src/components/auth/Home.js": {"path":"/Users/iura/Repos/tracksy/src/components/auth/Home.js","statementMap":{"0":{"start":{"line":4,"column":13},"end":{"line":77,"column":1}},"1":{"start":{"line":5,"column":2},"end":{"line":76,"column":4}}},"fnMap":{"0":{"name":"(anonymous_0)","decl":{"start":{"line":4,"column":13},"end":{"line":4,"column":14}},"loc":{"start":{"line":4,"column":22},"end":{"line":77,"column":1}},"line":4}},"branchMap":{},"s":{"0":1,"1":0},"f":{"0":0},"b":{},"_coverageSchema":"43e27e138ebf9cfc5966b082cf9a028302ed4184","hash":"ed44dab9069811b341f7693febbdf9c58f0fe596"}
,"/Users/iura/Repos/tracksy/src/components/auth/Login.js": {"path":"/Users/iura/Repos/tracksy/src/components/auth/Login.js","statementMap":{"0":{"start":{"line":3,"column":14},"end":{"line":53,"column":1}},"1":{"start":{"line":4,"column":19},"end":{"line":4,"column":26}},"2":{"start":{"line":5,"column":19},"end":{"line":5,"column":26}},"3":{"start":{"line":7,"column":16},"end":{"line":7,"column":18}},"4":{"start":{"line":8,"column":19},"end":{"line":8,"column":21}},"5":{"start":{"line":10,"column":2},"end":{"line":52,"column":4}}},"fnMap":{"0":{"name":"(anonymous_0)","decl":{"start":{"line":3,"column":14},"end":{"line":3,"column":15}},"loc":{"start":{"line":3,"column":23},"end":{"line":53,"column":1}},"line":3},"1":{"name":"(anonymous_1)","decl":{"start":{"line":4,"column":19},"end":{"line":4,"column":20}},"loc":{"start":{"line":4,"column":24},"end":{"line":4,"column":26}},"line":4},"2":{"name":"(anonymous_2)","decl":{"start":{"line":5,"column":19},"end":{"line":5,"column":20}},"loc":{"start":{"line":5,"column":24},"end":{"line":5,"column":26}},"line":5}},"branchMap":{},"s":{"0":1,"1":0,"2":0,"3":0,"4":0,"5":0},"f":{"0":0,"1":0,"2":0},"b":{},"_coverageSchema":"43e27e138ebf9cfc5966b082cf9a028302ed4184","hash":"6975cf6eab9605378636e66416fe9c5aedb224be"}
,"/Users/iura/Repos/tracksy/src/components/layout/AddStartupBtn.js": {"path":"/Users/iura/Repos/tracksy/src/components/layout/AddStartupBtn.js","statementMap":{"0":{"start":{"line":4,"column":22},"end":{"line":15,"column":1}},"1":{"start":{"line":5,"column":2},"end":{"line":14,"column":4}}},"fnMap":{"0":{"name":"(anonymous_0)","decl":{"start":{"line":4,"column":22},"end":{"line":4,"column":23}},"loc":{"start":{"line":4,"column":28},"end":{"line":15,"column":1}},"line":4}},"branchMap":{},"s":{"0":3,"1":7},"f":{"0":7},"b":{},"_coverageSchema":"43e27e138ebf9cfc5966b082cf9a028302ed4184","hash":"dcc41022d05832f3d0f38532c1659ab0d5d0fb99"}
,"/Users/iura/Repos/tracksy/src/components/layout/Footer.js": {"path":"/Users/iura/Repos/tracksy/src/components/layout/Footer.js","statementMap":{"0":{"start":{"line":3,"column":15},"end":{"line":19,"column":1}},"1":{"start":{"line":4,"column":2},"end":{"line":18,"column":4}}},"fnMap":{"0":{"name":"(anonymous_0)","decl":{"start":{"line":3,"column":15},"end":{"line":3,"column":16}},"loc":{"start":{"line":3,"column":21},"end":{"line":19,"column":1}},"line":3}},"branchMap":{},"s":{"0":2,"1":1},"f":{"0":1},"b":{},"_coverageSchema":"43e27e138ebf9cfc5966b082cf9a028302ed4184","hash":"267fc80de3c205f3f468ca6a48059e86bd07fcbf"}
,"/Users/iura/Repos/tracksy/src/components/layout/Navbar.js": {"path":"/Users/iura/Repos/tracksy/src/components/layout/Navbar.js","statementMap":{"0":{"start":{"line":5,"column":15},"end":{"line":29,"column":1}},"1":{"start":{"line":6,"column":2},"end":{"line":28,"column":4}},"2":{"start":{"line":31,"column":0},"end":{"line":34,"column":2}},"3":{"start":{"line":36,"column":0},"end":{"line":39,"column":2}}},"fnMap":{"0":{"name":"(anonymous_0)","decl":{"start":{"line":5,"column":15},"end":{"line":5,"column":16}},"loc":{"start":{"line":5,"column":36},"end":{"line":29,"column":1}},"line":5}},"branchMap":{},"s":{"0":2,"1":4,"2":2,"3":2},"f":{"0":4},"b":{},"_coverageSchema":"43e27e138ebf9cfc5966b082cf9a028302ed4184","hash":"46abb46270ef86ea3aa7cf218a3c476f146f7ad1"}
,"/Users/iura/Repos/tracksy/src/components/startups/AddStartupModal.js": {"path":"/Users/iura/Repos/tracksy/src/components/startups/AddStartupModal.js","statementMap":{"0":{"start":{"line":8,"column":24},"end":{"line":214,"column":1}},"1":{"start":{"line":9,"column":26},"end":{"line":9,"column":38}},"2":{"start":{"line":10,"column":32},"end":{"line":10,"column":44}},"3":{"start":{"line":11,"column":36},"end":{"line":11,"column":48}},"4":{"start":{"line":12,"column":28},"end":{"line":12,"column":40}},"5":{"start":{"line":13,"column":42},"end":{"line":13,"column":54}},"6":{"start":{"line":14,"column":30},"end":{"line":14,"column":42}},"7":{"start":{"line":15,"column":30},"end":{"line":15,"column":42}},"8":{"start":{"line":16,"column":42},"end":{"line":16,"column":54}},"9":{"start":{"line":17,"column":30},"end":{"line":17,"column":42}},"10":{"start":{"line":18,"column":30},"end":{"line":18,"column":42}},"11":{"start":{"line":20,"column":19},"end":{"line":65,"column":3}},"12":{"start":{"line":21,"column":4},"end":{"line":63,"column":5}},"13":{"start":{"line":33,"column":6},"end":{"line":35,"column":9}},"14":{"start":{"line":37,"column":25},"end":{"line":48,"column":7}},"15":{"start":{"line":50,"column":6},"end":{"line":50,"column":29}},"16":{"start":{"line":53,"column":6},"end":{"line":53,"column":18}},"17":{"start":{"line":54,"column":6},"end":{"line":54,"column":21}},"18":{"start":{"line":55,"column":6},"end":{"line":55,"column":23}},"19":{"start":{"line":56,"column":6},"end":{"line":56,"column":19}},"20":{"start":{"line":57,"column":6},"end":{"line":57,"column":26}},"21":{"start":{"line":58,"column":6},"end":{"line":58,"column":20}},"22":{"start":{"line":59,"column":6},"end":{"line":59,"column":20}},"23":{"start":{"line":60,"column":6},"end":{"line":60,"column":26}},"24":{"start":{"line":61,"column":6},"end":{"line":61,"column":20}},"25":{"start":{"line":62,"column":6},"end":{"line":62,"column":20}},"26":{"start":{"line":64,"column":4},"end":{"line":64,"column":41}},"27":{"start":{"line":67,"column":2},"end":{"line":213,"column":4}},"28":{"start":{"line":78,"column":29},"end":{"line":78,"column":52}},"29":{"start":{"line":91,"column":29},"end":{"line":91,"column":55}},"30":{"start":{"line":104,"column":29},"end":{"line":104,"column":57}},"31":{"start":{"line":117,"column":29},"end":{"line":117,"column":60}},"32":{"start":{"line":129,"column":29},"end":{"line":129,"column":54}},"33":{"start":{"line":141,"column":29},"end":{"line":141,"column":54}},"34":{"start":{"line":154,"column":29},"end":{"line":154,"column":60}},"35":{"start":{"line":167,"column":29},"end":{"line":167,"column":54}},"36":{"start":{"line":180,"column":29},"end":{"line":180,"column":54}},"37":{"start":{"line":192,"column":27},"end":{"line":192,"column":51}},"38":{"start":{"line":216,"column":19},"end":{"line":219,"column":1}},"39":{"start":{"line":221,"column":0},"end":{"line":223,"column":2}}},"fnMap":{"0":{"name":"(anonymous_0)","decl":{"start":{"line":8,"column":24},"end":{"line":8,"column":25}},"loc":{"start":{"line":8,"column":44},"end":{"line":214,"column":1}},"line":8},"1":{"name":"(anonymous_1)","decl":{"start":{"line":20,"column":19},"end":{"line":20,"column":20}},"loc":{"start":{"line":20,"column":25},"end":{"line":65,"column":3}},"line":20},"2":{"name":"(anonymous_2)","decl":{"start":{"line":78,"column":24},"end":{"line":78,"column":25}},"loc":{"start":{"line":78,"column":29},"end":{"line":78,"column":52}},"line":78},"3":{"name":"(anonymous_3)","decl":{"start":{"line":91,"column":24},"end":{"line":91,"column":25}},"loc":{"start":{"line":91,"column":29},"end":{"line":91,"column":55}},"line":91},"4":{"name":"(anonymous_4)","decl":{"start":{"line":104,"column":24},"end":{"line":104,"column":25}},"loc":{"start":{"line":104,"column":29},"end":{"line":104,"column":57}},"line":104},"5":{"name":"(anonymous_5)","decl":{"start":{"line":117,"column":24},"end":{"line":117,"column":25}},"loc":{"start":{"line":117,"column":29},"end":{"line":117,"column":60}},"line":117},"6":{"name":"(anonymous_6)","decl":{"start":{"line":129,"column":24},"end":{"line":129,"column":25}},"loc":{"start":{"line":129,"column":29},"end":{"line":129,"column":54}},"line":129},"7":{"name":"(anonymous_7)","decl":{"start":{"line":141,"column":24},"end":{"line":141,"column":25}},"loc":{"start":{"line":141,"column":29},"end":{"line":141,"column":54}},"line":141},"8":{"name":"(anonymous_8)","decl":{"start":{"line":154,"column":24},"end":{"line":154,"column":25}},"loc":{"start":{"line":154,"column":29},"end":{"line":154,"column":60}},"line":154},"9":{"name":"(anonymous_9)","decl":{"start":{"line":167,"column":24},"end":{"line":167,"column":25}},"loc":{"start":{"line":167,"column":29},"end":{"line":167,"column":54}},"line":167},"10":{"name":"(anonymous_10)","decl":{"start":{"line":180,"column":24},"end":{"line":180,"column":25}},"loc":{"start":{"line":180,"column":29},"end":{"line":180,"column":54}},"line":180},"11":{"name":"(anonymous_11)","decl":{"start":{"line":192,"column":22},"end":{"line":192,"column":23}},"loc":{"start":{"line":192,"column":27},"end":{"line":192,"column":51}},"line":192}},"branchMap":{"0":{"loc":{"start":{"line":21,"column":4},"end":{"line":63,"column":5}},"type":"if","locations":[{"start":{"line":21,"column":4},"end":{"line":63,"column":5}},{"start":{"line":21,"column":4},"end":{"line":63,"column":5}}],"line":21},"1":{"loc":{"start":{"line":22,"column":6},"end":{"line":31,"column":19}},"type":"binary-expr","locations":[{"start":{"line":22,"column":6},"end":{"line":22,"column":17}},{"start":{"line":23,"column":6},"end":{"line":23,"column":20}},{"start":{"line":24,"column":6},"end":{"line":24,"column":22}},{"start":{"line":25,"column":6},"end":{"line":25,"column":18}},{"start":{"line":26,"column":6},"end":{"line":26,"column":25}},{"start":{"line":27,"column":6},"end":{"line":27,"column":19}},{"start":{"line":28,"column":6},"end":{"line":28,"column":19}},{"start":{"line":29,"column":6},"end":{"line":29,"column":25}},{"start":{"line":30,"column":6},"end":{"line":30,"column":19}},{"start":{"line":31,"column":6},"end":{"line":31,"column":19}}],"line":22}},"s":{"0":1,"1":0,"2":0,"3":0,"4":0,"5":0,"6":0,"7":0,"8":0,"9":0,"10":0,"11":0,"12":0,"13":0,"14":0,"15":0,"16":0,"17":0,"18":0,"19":0,"20":0,"21":0,"22":0,"23":0,"24":0,"25":0,"26":0,"27":0,"28":0,"29":0,"30":0,"31":0,"32":0,"33":0,"34":0,"35":0,"36":0,"37":0,"38":1,"39":1},"f":{"0":0,"1":0,"2":0,"3":0,"4":0,"5":0,"6":0,"7":0,"8":0,"9":0,"10":0,"11":0},"b":{"0":[0,0],"1":[0,0,0,0,0,0,0,0,0,0]},"_coverageSchema":"43e27e138ebf9cfc5966b082cf9a028302ed4184","hash":"d0448bce1b026c527514cab2fdf93f24b7789948"}
,"/Users/iura/Repos/tracksy/src/components/startups/EditStartupModal.js": {"path":"/Users/iura/Repos/tracksy/src/components/startups/EditStartupModal.js","statementMap":{"0":{"start":{"line":8,"column":25},"end":{"line":231,"column":1}},"1":{"start":{"line":9,"column":26},"end":{"line":9,"column":38}},"2":{"start":{"line":10,"column":32},"end":{"line":10,"column":44}},"3":{"start":{"line":11,"column":36},"end":{"line":11,"column":48}},"4":{"start":{"line":12,"column":28},"end":{"line":12,"column":40}},"5":{"start":{"line":13,"column":42},"end":{"line":13,"column":54}},"6":{"start":{"line":14,"column":30},"end":{"line":14,"column":42}},"7":{"start":{"line":15,"column":30},"end":{"line":15,"column":42}},"8":{"start":{"line":16,"column":42},"end":{"line":16,"column":54}},"9":{"start":{"line":17,"column":30},"end":{"line":17,"column":42}},"10":{"start":{"line":18,"column":30},"end":{"line":18,"column":42}},"11":{"start":{"line":20,"column":2},"end":{"line":34,"column":16}},"12":{"start":{"line":21,"column":4},"end":{"line":32,"column":5}},"13":{"start":{"line":22,"column":6},"end":{"line":22,"column":28}},"14":{"start":{"line":23,"column":6},"end":{"line":23,"column":34}},"15":{"start":{"line":24,"column":6},"end":{"line":24,"column":38}},"16":{"start":{"line":25,"column":6},"end":{"line":25,"column":30}},"17":{"start":{"line":26,"column":6},"end":{"line":26,"column":44}},"18":{"start":{"line":27,"column":6},"end":{"line":27,"column":32}},"19":{"start":{"line":28,"column":6},"end":{"line":28,"column":32}},"20":{"start":{"line":29,"column":6},"end":{"line":29,"column":44}},"21":{"start":{"line":30,"column":6},"end":{"line":30,"column":32}},"22":{"start":{"line":31,"column":6},"end":{"line":31,"column":32}},"23":{"start":{"line":36,"column":19},"end":{"line":82,"column":3}},"24":{"start":{"line":37,"column":4},"end":{"line":81,"column":5}},"25":{"start":{"line":49,"column":6},"end":{"line":51,"column":9}},"26":{"start":{"line":53,"column":25},"end":{"line":65,"column":7}},"27":{"start":{"line":67,"column":6},"end":{"line":67,"column":32}},"28":{"start":{"line":68,"column":6},"end":{"line":68,"column":43}},"29":{"start":{"line":71,"column":6},"end":{"line":71,"column":18}},"30":{"start":{"line":72,"column":6},"end":{"line":72,"column":21}},"31":{"start":{"line":73,"column":6},"end":{"line":73,"column":23}},"32":{"start":{"line":74,"column":6},"end":{"line":74,"column":19}},"33":{"start":{"line":75,"column":6},"end":{"line":75,"column":26}},"34":{"start":{"line":76,"column":6},"end":{"line":76,"column":20}},"35":{"start":{"line":77,"column":6},"end":{"line":77,"column":20}},"36":{"start":{"line":78,"column":6},"end":{"line":78,"column":26}},"37":{"start":{"line":79,"column":6},"end":{"line":79,"column":20}},"38":{"start":{"line":80,"column":6},"end":{"line":80,"column":20}},"39":{"start":{"line":84,"column":2},"end":{"line":230,"column":4}},"40":{"start":{"line":95,"column":29},"end":{"line":95,"column":52}},"41":{"start":{"line":108,"column":29},"end":{"line":108,"column":55}},"42":{"start":{"line":121,"column":29},"end":{"line":121,"column":57}},"43":{"start":{"line":134,"column":29},"end":{"line":134,"column":60}},"44":{"start":{"line":146,"column":29},"end":{"line":146,"column":54}},"45":{"start":{"line":158,"column":29},"end":{"line":158,"column":54}},"46":{"start":{"line":171,"column":29},"end":{"line":171,"column":60}},"47":{"start":{"line":184,"column":29},"end":{"line":184,"column":54}},"48":{"start":{"line":197,"column":29},"end":{"line":197,"column":54}},"49":{"start":{"line":209,"column":27},"end":{"line":209,"column":51}},"50":{"start":{"line":233,"column":19},"end":{"line":236,"column":1}},"51":{"start":{"line":238,"column":0},"end":{"line":241,"column":2}},"52":{"start":{"line":243,"column":24},"end":{"line":245,"column":2}},"53":{"start":{"line":243,"column":34},"end":{"line":245,"column":1}}},"fnMap":{"0":{"name":"(anonymous_0)","decl":{"start":{"line":8,"column":25},"end":{"line":8,"column":26}},"loc":{"start":{"line":8,"column":57},"end":{"line":231,"column":1}},"line":8},"1":{"name":"(anonymous_1)","decl":{"start":{"line":20,"column":12},"end":{"line":20,"column":13}},"loc":{"start":{"line":20,"column":18},"end":{"line":34,"column":3}},"line":20},"2":{"name":"(anonymous_2)","decl":{"start":{"line":36,"column":19},"end":{"line":36,"column":20}},"loc":{"start":{"line":36,"column":25},"end":{"line":82,"column":3}},"line":36},"3":{"name":"(anonymous_3)","decl":{"start":{"line":95,"column":24},"end":{"line":95,"column":25}},"loc":{"start":{"line":95,"column":29},"end":{"line":95,"column":52}},"line":95},"4":{"name":"(anonymous_4)","decl":{"start":{"line":108,"column":24},"end":{"line":108,"column":25}},"loc":{"start":{"line":108,"column":29},"end":{"line":108,"column":55}},"line":108},"5":{"name":"(anonymous_5)","decl":{"start":{"line":121,"column":24},"end":{"line":121,"column":25}},"loc":{"start":{"line":121,"column":29},"end":{"line":121,"column":57}},"line":121},"6":{"name":"(anonymous_6)","decl":{"start":{"line":134,"column":24},"end":{"line":134,"column":25}},"loc":{"start":{"line":134,"column":29},"end":{"line":134,"column":60}},"line":134},"7":{"name":"(anonymous_7)","decl":{"start":{"line":146,"column":24},"end":{"line":146,"column":25}},"loc":{"start":{"line":146,"column":29},"end":{"line":146,"column":54}},"line":146},"8":{"name":"(anonymous_8)","decl":{"start":{"line":158,"column":24},"end":{"line":158,"column":25}},"loc":{"start":{"line":158,"column":29},"end":{"line":158,"column":54}},"line":158},"9":{"name":"(anonymous_9)","decl":{"start":{"line":171,"column":24},"end":{"line":171,"column":25}},"loc":{"start":{"line":171,"column":29},"end":{"line":171,"column":60}},"line":171},"10":{"name":"(anonymous_10)","decl":{"start":{"line":184,"column":24},"end":{"line":184,"column":25}},"loc":{"start":{"line":184,"column":29},"end":{"line":184,"column":54}},"line":184},"11":{"name":"(anonymous_11)","decl":{"start":{"line":197,"column":24},"end":{"line":197,"column":25}},"loc":{"start":{"line":197,"column":29},"end":{"line":197,"column":54}},"line":197},"12":{"name":"(anonymous_12)","decl":{"start":{"line":209,"column":22},"end":{"line":209,"column":23}},"loc":{"start":{"line":209,"column":27},"end":{"line":209,"column":51}},"line":209},"13":{"name":"(anonymous_13)","decl":{"start":{"line":243,"column":24},"end":{"line":243,"column":25}},"loc":{"start":{"line":243,"column":34},"end":{"line":245,"column":1}},"line":243}},"branchMap":{"0":{"loc":{"start":{"line":21,"column":4},"end":{"line":32,"column":5}},"type":"if","locations":[{"start":{"line":21,"column":4},"end":{"line":32,"column":5}},{"start":{"line":21,"column":4},"end":{"line":32,"column":5}}],"line":21},"1":{"loc":{"start":{"line":37,"column":4},"end":{"line":81,"column":5}},"type":"if","locations":[{"start":{"line":37,"column":4},"end":{"line":81,"column":5}},{"start":{"line":37,"column":4},"end":{"line":81,"column":5}}],"line":37},"2":{"loc":{"start":{"line":38,"column":6},"end":{"line":47,"column":19}},"type":"binary-expr","locations":[{"start":{"line":38,"column":6},"end":{"line":38,"column":17}},{"start":{"line":39,"column":6},"end":{"line":39,"column":20}},{"start":{"line":40,"column":6},"end":{"line":40,"column":22}},{"start":{"line":41,"column":6},"end":{"line":41,"column":18}},{"start":{"line":42,"column":6},"end":{"line":42,"column":25}},{"start":{"line":43,"column":6},"end":{"line":43,"column":19}},{"start":{"line":44,"column":6},"end":{"line":44,"column":19}},{"start":{"line":45,"column":6},"end":{"line":45,"column":25}},{"start":{"line":46,"column":6},"end":{"line":46,"column":19}},{"start":{"line":47,"column":6},"end":{"line":47,"column":19}}],"line":38}},"s":{"0":1,"1":0,"2":0,"3":0,"4":0,"5":0,"6":0,"7":0,"8":0,"9":0,"10":0,"11":0,"12":0,"13":0,"14":0,"15":0,"16":0,"17":0,"18":0,"19":0,"20":0,"21":0,"22":0,"23":0,"24":0,"25":0,"26":0,"27":0,"28":0,"29":0,"30":0,"31":0,"32":0,"33":0,"34":0,"35":0,"36":0,"37":0,"38":0,"39":0,"40":0,"41":0,"42":0,"43":0,"44":0,"45":0,"46":0,"47":0,"48":0,"49":0,"50":1,"51":1,"52":1,"53":0},"f":{"0":0,"1":0,"2":0,"3":0,"4":0,"5":0,"6":0,"7":0,"8":0,"9":0,"10":0,"11":0,"12":0,"13":0},"b":{"0":[0,0],"1":[0,0],"2":[0,0,0,0,0,0,0,0,0,0]},"_coverageSchema":"43e27e138ebf9cfc5966b082cf9a028302ed4184","hash":"dced92b95d18c1a1432aef7466a40c1f68df63fa"}
,"/Users/iura/Repos/tracksy/src/components/startups/StartupItem.js": {"path":"/Users/iura/Repos/tracksy/src/components/startups/StartupItem.js","statementMap":{"0":{"start":{"line":8,"column":20},"end":{"line":51,"column":1}},"1":{"start":{"line":9,"column":19},"end":{"line":12,"column":3}},"2":{"start":{"line":10,"column":4},"end":{"line":10,"column":30}},"3":{"start":{"line":11,"column":4},"end":{"line":11,"column":41}},"4":{"start":{"line":14,"column":2},"end":{"line":50,"column":4}},"5":{"start":{"line":38,"column":25},"end":{"line":38,"column":44}},"6":{"start":{"line":53,"column":0},"end":{"line":57,"column":2}}},"fnMap":{"0":{"name":"(anonymous_0)","decl":{"start":{"line":8,"column":20},"end":{"line":8,"column":21}},"loc":{"start":{"line":8,"column":64},"end":{"line":51,"column":1}},"line":8},"1":{"name":"(anonymous_1)","decl":{"start":{"line":9,"column":19},"end":{"line":9,"column":20}},"loc":{"start":{"line":9,"column":25},"end":{"line":12,"column":3}},"line":9},"2":{"name":"(anonymous_2)","decl":{"start":{"line":38,"column":19},"end":{"line":38,"column":20}},"loc":{"start":{"line":38,"column":25},"end":{"line":38,"column":44}},"line":38}},"branchMap":{},"s":{"0":2,"1":8,"2":0,"3":0,"4":8,"5":0,"6":2},"f":{"0":8,"1":0,"2":0},"b":{},"_coverageSchema":"43e27e138ebf9cfc5966b082cf9a028302ed4184","hash":"b3ab72f185fe2b3b0c9827f7365882fbfd568745"}
,"/Users/iura/Repos/tracksy/src/components/startups/Startups.js": {"path":"/Users/iura/Repos/tracksy/src/components/startups/Startups.js","statementMap":{"0":{"start":{"line":9,"column":24},"end":{"line":71,"column":1}},"1":{"start":{"line":11,"column":2},"end":{"line":14,"column":9}},"2":{"start":{"line":12,"column":4},"end":{"line":12,"column":18}},"3":{"start":{"line":16,"column":2},"end":{"line":18,"column":3}},"4":{"start":{"line":17,"column":4},"end":{"line":17,"column":32}},"5":{"start":{"line":20,"column":2},"end":{"line":27,"column":3}},"6":{"start":{"line":21,"column":4},"end":{"line":26,"column":6}},"7":{"start":{"line":29,"column":2},"end":{"line":70,"column":4}},"8":{"start":{"line":53,"column":20},"end":{"line":53,"column":70}},"9":{"start":{"line":73,"column":0},"end":{"line":76,"column":2}},"10":{"start":{"line":78,"column":24},"end":{"line":80,"column":2}},"11":{"start":{"line":78,"column":34},"end":{"line":80,"column":1}}},"fnMap":{"0":{"name":"(anonymous_0)","decl":{"start":{"line":9,"column":24},"end":{"line":9,"column":25}},"loc":{"start":{"line":9,"column":77},"end":{"line":71,"column":1}},"line":9},"1":{"name":"(anonymous_1)","decl":{"start":{"line":11,"column":12},"end":{"line":11,"column":13}},"loc":{"start":{"line":11,"column":18},"end":{"line":14,"column":3}},"line":11},"2":{"name":"(anonymous_2)","decl":{"start":{"line":52,"column":32},"end":{"line":52,"column":33}},"loc":{"start":{"line":53,"column":20},"end":{"line":53,"column":70}},"line":53},"3":{"name":"(anonymous_3)","decl":{"start":{"line":78,"column":24},"end":{"line":78,"column":25}},"loc":{"start":{"line":78,"column":34},"end":{"line":80,"column":1}},"line":78}},"branchMap":{"0":{"loc":{"start":{"line":16,"column":2},"end":{"line":18,"column":3}},"type":"if","locations":[{"start":{"line":16,"column":2},"end":{"line":18,"column":3}},{"start":{"line":16,"column":2},"end":{"line":18,"column":3}}],"line":16},"1":{"loc":{"start":{"line":16,"column":6},"end":{"line":16,"column":34}},"type":"binary-expr","locations":[{"start":{"line":16,"column":6},"end":{"line":16,"column":13}},{"start":{"line":16,"column":17},"end":{"line":16,"column":34}}],"line":16},"2":{"loc":{"start":{"line":20,"column":2},"end":{"line":27,"column":3}},"type":"if","locations":[{"start":{"line":20,"column":2},"end":{"line":27,"column":3}},{"start":{"line":20,"column":2},"end":{"line":27,"column":3}}],"line":20},"3":{"loc":{"start":{"line":20,"column":6},"end":{"line":20,"column":39}},"type":"binary-expr","locations":[{"start":{"line":20,"column":6},"end":{"line":20,"column":14}},{"start":{"line":20,"column":18},"end":{"line":20,"column":39}}],"line":20}},"s":{"0":2,"1":6,"2":6,"3":6,"4":1,"5":5,"6":1,"7":4,"8":8,"9":2,"10":2,"11":0},"f":{"0":6,"1":6,"2":8,"3":0},"b":{"0":[1,5],"1":[6,6],"2":[1,4],"3":[5,5]},"_coverageSchema":"43e27e138ebf9cfc5966b082cf9a028302ed4184","hash":"739dea5c6aae9c4efa3c9f7043140a7aef271b8e"}
,"/Users/iura/Repos/tracksy/src/reducers/index.js": {"path":"/Users/iura/Repos/tracksy/src/reducers/index.js","statementMap":{},"fnMap":{},"branchMap":{},"s":{},"f":{},"b":{},"_coverageSchema":"43e27e138ebf9cfc5966b082cf9a028302ed4184","hash":"b77c9417802d0bedc5a20f6c30ddaabb10f5e4b7"}
,"/Users/iura/Repos/tracksy/src/reducers/startupsReducer.js": {"path":"/Users/iura/Repos/tracksy/src/reducers/startupsReducer.js","statementMap":{"0":{"start":{"line":12,"column":21},"end":{"line":17,"column":1}},"1":{"start":{"line":20,"column":2},"end":{"line":71,"column":3}},"2":{"start":{"line":22,"column":6},"end":{"line":26,"column":8}},"3":{"start":{"line":28,"column":6},"end":{"line":33,"column":8}},"4":{"start":{"line":35,"column":6},"end":{"line":40,"column":8}},"5":{"start":{"line":38,"column":10},"end":{"line":38,"column":69}},"6":{"start":{"line":42,"column":6},"end":{"line":48,"column":8}},"7":{"start":{"line":45,"column":21},"end":{"line":45,"column":50}},"8":{"start":{"line":50,"column":6},"end":{"line":53,"column":8}},"9":{"start":{"line":55,"column":6},"end":{"line":58,"column":8}},"10":{"start":{"line":60,"column":6},"end":{"line":63,"column":8}},"11":{"start":{"line":65,"column":6},"end":{"line":68,"column":8}},"12":{"start":{"line":70,"column":6},"end":{"line":70,"column":19}}},"fnMap":{"0":{"name":"(anonymous_0)","decl":{"start":{"line":19,"column":15},"end":{"line":19,"column":16}},"loc":{"start":{"line":19,"column":49},"end":{"line":72,"column":1}},"line":19},"1":{"name":"(anonymous_1)","decl":{"start":{"line":37,"column":37},"end":{"line":37,"column":38}},"loc":{"start":{"line":38,"column":10},"end":{"line":38,"column":69}},"line":38},"2":{"name":"(anonymous_2)","decl":{"start":{"line":45,"column":10},"end":{"line":45,"column":11}},"loc":{"start":{"line":45,"column":21},"end":{"line":45,"column":50}},"line":45}},"branchMap":{"0":{"loc":{"start":{"line":19,"column":16},"end":{"line":19,"column":36}},"type":"default-arg","locations":[{"start":{"line":19,"column":24},"end":{"line":19,"column":36}}],"line":19},"1":{"loc":{"start":{"line":20,"column":2},"end":{"line":71,"column":3}},"type":"switch","locations":[{"start":{"line":21,"column":4},"end":{"line":26,"column":8}},{"start":{"line":27,"column":4},"end":{"line":33,"column":8}},{"start":{"line":34,"column":4},"end":{"line":40,"column":8}},{"start":{"line":41,"column":4},"end":{"line":48,"column":8}},{"start":{"line":49,"column":4},"end":{"line":53,"column":8}},{"start":{"line":54,"column":4},"end":{"line":58,"column":8}},{"start":{"line":59,"column":4},"end":{"line":63,"column":8}},{"start":{"line":64,"column":4},"end":{"line":68,"column":8}},{"start":{"line":69,"column":4},"end":{"line":70,"column":19}}],"line":20},"2":{"loc":{"start":{"line":38,"column":10},"end":{"line":38,"column":69}},"type":"cond-expr","locations":[{"start":{"line":38,"column":45},"end":{"line":38,"column":59}},{"start":{"line":38,"column":62},"end":{"line":38,"column":69}}],"line":38}},"s":{"0":2,"1":12,"2":1,"3":1,"4":1,"5":2,"6":1,"7":2,"8":1,"9":1,"10":1,"11":1,"12":4},"f":{"0":12,"1":2,"2":2},"b":{"0":[4],"1":[1,1,1,1,1,1,1,1,4],"2":[1,1]},"_coverageSchema":"43e27e138ebf9cfc5966b082cf9a028302ed4184","hash":"f2078f77d6f838375d0ab1872a11bf052c7c60ff"}
}
