TN:
SF:/Users/iura/Repos/tracksy/chrome-ext/basics/connections.js
FN:9,connectionRetrieval
FN:13,viewAllConnections
FN:31,(anonymous_2)
FN:44,sendConnectionsDataToBackground
FN:52,(anonymous_4)
FN:61,getConnectionsOnPage
FN:67,getOwnerName
FN:72,stripProfileInfo
FNF:8
FNH:1
FNDA:0,connectionRetrieval
FNDA:0,viewAllConnections
FNDA:0,(anonymous_2)
FNDA:0,sendConnectionsDataToBackground
FNDA:0,(anonymous_4)
FNDA:0,getConnectionsOnPage
FNDA:0,getOwnerName
FNDA:1,stripProfileInfo
DA:1,1
DA:3,1
DA:4,0
DA:6,1
DA:10,0
DA:22,0
DA:23,0
DA:25,0
DA:27,0
DA:28,0
DA:30,0
DA:31,0
DA:32,0
DA:33,0
DA:34,0
DA:35,0
DA:37,0
DA:49,0
DA:50,0
DA:51,0
DA:52,0
DA:53,0
DA:54,0
DA:58,0
DA:64,0
DA:69,0
DA:77,1
DA:79,1
DA:80,1
DA:81,1
DA:82,1
DA:84,1
LF:32
LH:9
BRDA:3,0,0,0
BRDA:3,0,1,1
BRDA:27,1,0,0
BRDA:27,1,1,0
BRDA:34,2,0,0
BRDA:34,2,1,0
BRF:6
BRH:1
end_of_record
TN:
SF:/Users/iura/Repos/tracksy/src/App.js
FN:19,(anonymous_0)
FN:20,(anonymous_1)
FNF:2
FNH:1
FNDA:1,(anonymous_0)
FNDA:0,(anonymous_1)
DA:19,1
DA:20,1
DA:22,0
DA:25,1
LF:4
LH:3
BRF:0
BRH:0
end_of_record
TN:
SF:/Users/iura/Repos/tracksy/src/store.js
FNF:0
FNH:0
DA:6,1
DA:8,1
DA:10,1
LF:3
LH:3
BRF:0
BRH:0
end_of_record
TN:
SF:/Users/iura/Repos/tracksy/src/actions/startupsActions.js
FN:15,(anonymous_0)
FN:15,(anonymous_1)
FN:35,(anonymous_2)
FN:35,(anonymous_3)
FN:59,(anonymous_4)
FN:59,(anonymous_5)
FN:84,(anonymous_6)
FN:84,(anonymous_7)
FN:105,(anonymous_8)
FN:113,(anonymous_9)
FN:120,(anonymous_10)
FNF:11
FNH:0
FNDA:0,(anonymous_0)
FNDA:0,(anonymous_1)
FNDA:0,(anonymous_2)
FNDA:0,(anonymous_3)
FNDA:0,(anonymous_4)
FNDA:0,(anonymous_5)
FNDA:0,(anonymous_6)
FNDA:0,(anonymous_7)
FNDA:0,(anonymous_8)
FNDA:0,(anonymous_9)
FNDA:0,(anonymous_10)
DA:15,2
DA:16,0
DA:17,0
DA:19,0
DA:20,0
DA:22,0
DA:27,0
DA:35,2
DA:36,0
DA:37,0
DA:39,0
DA:44,0
DA:46,0
DA:51,0
DA:59,2
DA:60,0
DA:61,0
DA:63,0
DA:69,0
DA:70,0
DA:71,0
DA:76,0
DA:84,2
DA:85,0
DA:86,0
DA:88,0
DA:92,0
DA:97,0
DA:105,2
DA:106,0
DA:113,2
DA:114,0
DA:120,2
DA:121,0
LF:34
LH:7
BRF:0
BRH:0
end_of_record
TN:
SF:/Users/iura/Repos/tracksy/src/actions/types.js
FNF:0
FNH:0
DA:1,3
DA:2,3
DA:3,3
DA:4,3
DA:5,3
DA:6,3
DA:7,3
DA:8,3
LF:8
LH:8
BRF:0
BRH:0
end_of_record
TN:
SF:/Users/iura/Repos/tracksy/src/components/auth/Home.js
FN:4,(anonymous_0)
FNF:1
FNH:0
FNDA:0,(anonymous_0)
DA:4,1
DA:5,0
LF:2
LH:1
BRF:0
BRH:0
end_of_record
TN:
SF:/Users/iura/Repos/tracksy/src/components/auth/Login.js
FN:3,(anonymous_0)
FN:4,(anonymous_1)
FN:5,(anonymous_2)
FNF:3
FNH:0
FNDA:0,(anonymous_0)
FNDA:0,(anonymous_1)
FNDA:0,(anonymous_2)
DA:3,1
DA:4,0
DA:5,0
DA:7,0
DA:8,0
DA:10,0
LF:6
LH:1
BRF:0
BRH:0
end_of_record
TN:
SF:/Users/iura/Repos/tracksy/src/components/layout/AddStartupBtn.js
FN:4,(anonymous_0)
FNF:1
FNH:1
FNDA:7,(anonymous_0)
DA:4,3
DA:5,7
LF:2
LH:2
BRF:0
BRH:0
end_of_record
TN:
SF:/Users/iura/Repos/tracksy/src/components/layout/Footer.js
FN:3,(anonymous_0)
FNF:1
FNH:1
FNDA:1,(anonymous_0)
DA:3,2
DA:4,1
LF:2
LH:2
BRF:0
BRH:0
end_of_record
TN:
SF:/Users/iura/Repos/tracksy/src/components/layout/Navbar.js
FN:5,(anonymous_0)
FNF:1
FNH:1
FNDA:4,(anonymous_0)
DA:5,2
DA:6,4
DA:31,2
DA:36,2
LF:4
LH:4
BRF:0
BRH:0
end_of_record
TN:
SF:/Users/iura/Repos/tracksy/src/components/startups/AddStartupModal.js
FN:8,(anonymous_0)
FN:20,(anonymous_1)
FN:78,(anonymous_2)
FN:91,(anonymous_3)
FN:104,(anonymous_4)
FN:117,(anonymous_5)
FN:129,(anonymous_6)
FN:141,(anonymous_7)
FN:154,(anonymous_8)
FN:167,(anonymous_9)
FN:180,(anonymous_10)
FN:192,(anonymous_11)
FNF:12
FNH:0
FNDA:0,(anonymous_0)
FNDA:0,(anonymous_1)
FNDA:0,(anonymous_2)
FNDA:0,(anonymous_3)
FNDA:0,(anonymous_4)
FNDA:0,(anonymous_5)
FNDA:0,(anonymous_6)
FNDA:0,(anonymous_7)
FNDA:0,(anonymous_8)
FNDA:0,(anonymous_9)
FNDA:0,(anonymous_10)
FNDA:0,(anonymous_11)
DA:8,1
DA:9,0
DA:10,0
DA:11,0
DA:12,0
DA:13,0
DA:14,0
DA:15,0
DA:16,0
DA:17,0
DA:18,0
DA:20,0
DA:21,0
DA:33,0
DA:37,0
DA:50,0
DA:53,0
DA:54,0
DA:55,0
DA:56,0
DA:57,0
DA:58,0
DA:59,0
DA:60,0
DA:61,0
DA:62,0
DA:64,0
DA:67,0
DA:78,0
DA:91,0
DA:104,0
DA:117,0
DA:129,0
DA:141,0
DA:154,0
DA:167,0
DA:180,0
DA:192,0
DA:216,1
DA:221,1
LF:40
LH:3
BRDA:21,0,0,0
BRDA:21,0,1,0
BRDA:22,1,0,0
BRDA:22,1,1,0
BRDA:22,1,2,0
BRDA:22,1,3,0
BRDA:22,1,4,0
BRDA:22,1,5,0
BRDA:22,1,6,0
BRDA:22,1,7,0
BRDA:22,1,8,0
BRDA:22,1,9,0
BRF:12
BRH:0
end_of_record
TN:
SF:/Users/iura/Repos/tracksy/src/components/startups/EditStartupModal.js
FN:8,(anonymous_0)
FN:20,(anonymous_1)
FN:36,(anonymous_2)
FN:95,(anonymous_3)
FN:108,(anonymous_4)
FN:121,(anonymous_5)
FN:134,(anonymous_6)
FN:146,(anonymous_7)
FN:158,(anonymous_8)
FN:171,(anonymous_9)
FN:184,(anonymous_10)
FN:197,(anonymous_11)
FN:209,(anonymous_12)
FN:243,(anonymous_13)
FNF:14
FNH:0
FNDA:0,(anonymous_0)
FNDA:0,(anonymous_1)
FNDA:0,(anonymous_2)
FNDA:0,(anonymous_3)
FNDA:0,(anonymous_4)
FNDA:0,(anonymous_5)
FNDA:0,(anonymous_6)
FNDA:0,(anonymous_7)
FNDA:0,(anonymous_8)
FNDA:0,(anonymous_9)
FNDA:0,(anonymous_10)
FNDA:0,(anonymous_11)
FNDA:0,(anonymous_12)
FNDA:0,(anonymous_13)
DA:8,1
DA:9,0
DA:10,0
DA:11,0
DA:12,0
DA:13,0
DA:14,0
DA:15,0
DA:16,0
DA:17,0
DA:18,0
DA:20,0
DA:21,0
DA:22,0
DA:23,0
DA:24,0
DA:25,0
DA:26,0
DA:27,0
DA:28,0
DA:29,0
DA:30,0
DA:31,0
DA:36,0
DA:37,0
DA:49,0
DA:53,0
DA:67,0
DA:68,0
DA:71,0
DA:72,0
DA:73,0
DA:74,0
DA:75,0
DA:76,0
DA:77,0
DA:78,0
DA:79,0
DA:80,0
DA:84,0
DA:95,0
DA:108,0
DA:121,0
DA:134,0
DA:146,0
DA:158,0
DA:171,0
DA:184,0
DA:197,0
DA:209,0
DA:233,1
DA:238,1
DA:243,1
LF:53
LH:4
BRDA:21,0,0,0
BRDA:21,0,1,0
BRDA:37,1,0,0
BRDA:37,1,1,0
BRDA:38,2,0,0
BRDA:38,2,1,0
BRDA:38,2,2,0
BRDA:38,2,3,0
BRDA:38,2,4,0
BRDA:38,2,5,0
BRDA:38,2,6,0
BRDA:38,2,7,0
BRDA:38,2,8,0
BRDA:38,2,9,0
BRF:14
BRH:0
end_of_record
TN:
SF:/Users/iura/Repos/tracksy/src/components/startups/StartupItem.js
FN:8,(anonymous_0)
FN:9,(anonymous_1)
FN:38,(anonymous_2)
FNF:3
FNH:1
FNDA:8,(anonymous_0)
FNDA:0,(anonymous_1)
FNDA:0,(anonymous_2)
DA:8,2
DA:9,8
DA:10,0
DA:11,0
DA:14,8
DA:38,0
DA:53,2
LF:7
LH:4
BRF:0
BRH:0
end_of_record
TN:
SF:/Users/iura/Repos/tracksy/src/components/startups/Startups.js
FN:9,(anonymous_0)
FN:11,(anonymous_1)
FN:52,(anonymous_2)
FN:78,(anonymous_3)
FNF:4
FNH:3
FNDA:6,(anonymous_0)
FNDA:6,(anonymous_1)
FNDA:8,(anonymous_2)
FNDA:0,(anonymous_3)
DA:9,2
DA:11,6
DA:12,6
DA:16,6
DA:17,1
DA:20,5
DA:21,1
DA:29,4
DA:53,8
DA:73,2
DA:78,2
LF:11
LH:11
BRDA:16,0,0,1
BRDA:16,0,1,5
BRDA:16,1,0,6
BRDA:16,1,1,6
BRDA:20,2,0,1
BRDA:20,2,1,4
BRDA:20,3,0,5
BRDA:20,3,1,5
BRF:8
BRH:8
end_of_record
TN:
SF:/Users/iura/Repos/tracksy/src/reducers/index.js
FNF:0
FNH:0
LF:0
LH:0
BRF:0
BRH:0
end_of_record
TN:
SF:/Users/iura/Repos/tracksy/src/reducers/startupsReducer.js
FN:19,(anonymous_0)
FN:37,(anonymous_1)
FN:45,(anonymous_2)
FNF:3
FNH:3
FNDA:12,(anonymous_0)
FNDA:2,(anonymous_1)
FNDA:2,(anonymous_2)
DA:12,2
DA:20,12
DA:22,1
DA:28,1
DA:35,1
DA:38,2
DA:42,1
DA:45,2
DA:50,1
DA:55,1
DA:60,1
DA:65,1
DA:70,4
LF:13
LH:13
BRDA:19,0,0,4
BRDA:20,1,0,1
BRDA:20,1,1,1
BRDA:20,1,2,1
BRDA:20,1,3,1
BRDA:20,1,4,1
BRDA:20,1,5,1
BRDA:20,1,6,1
BRDA:20,1,7,1
BRDA:20,1,8,4
BRDA:38,2,0,1
BRDA:38,2,1,1
BRF:12
BRH:12
end_of_record
